<?xml version="1.0" encoding="UTF-8" ?>
<testsuite tests="1" failures="0" name="zomato.MainSpec" time="0.031" errors="0" skipped="0">
  <properties>
    <property name="java.runtime.name" value="Java(TM) SE Runtime Environment"/>
    <property name="sun.boot.library.path" value="C:\Program Files\Java\jdk1.8.0_291\jre\bin"/>
    <property name="java.vm.version" value="25.291-b10"/>
    <property name="java.vm.vendor" value="Oracle Corporation"/>
    <property name="java.vendor.url" value="http://java.oracle.com/"/>
    <property name="path.separator" value=";"/>
    <property name="java.vm.name" value="Java HotSpot(TM) 64-Bit Server VM"/>
    <property name="file.encoding.pkg" value="sun.io"/>
    <property name="user.script" value=""/>
    <property name="user.country" value="US"/>
    <property name="sun.java.launcher" value="SUN_STANDARD"/>
    <property name="sun.os.patch.level" value=""/>
    <property name="java.vm.specification.name" value="Java Virtual Machine Specification"/>
    <property name="user.dir" value="D:\NAVEEN\Devops\maven\zomato\discount"/>
    <property name="java.runtime.version" value="1.8.0_291-b10"/>
    <property name="java.awt.graphicsenv" value="sun.awt.Win32GraphicsEnvironment"/>
    <property name="basedir" value="D:\NAVEEN\Devops\maven\zomato\discount"/>
    <property name="java.endorsed.dirs" value="C:\Program Files\Java\jdk1.8.0_291\jre\lib\endorsed"/>
    <property name="os.arch" value="amd64"/>
    <property name="surefire.real.class.path" value="C:\Users\SIVA\AppData\Local\Temp\surefirebooter8419045446071397098.jar;C:\\Users\\SIVA\\.m2\\repository\\org\\jacoco\\org.jacoco.agent\\0.7.6.201602180812\\org.jacoco.agent-0.7.6.201602180812-runtime.jar"/>
    <property name="java.io.tmpdir" value="C:\Users\SIVA\AppData\Local\Temp\"/>
    <property name="line.separator" value="
"/>
    <property name="java.vm.specification.vendor" value="Oracle Corporation"/>
    <property name="user.variant" value=""/>
    <property name="os.name" value="Windows 10"/>
    <property name="sun.jnu.encoding" value="Cp1252"/>
    <property name="java.library.path" value="C:\Program Files\Java\jdk1.8.0_291\jre\bin;C:\WINDOWS\Sun\Java\bin;C:\WINDOWS\system32;C:\WINDOWS;C:\WINDOWS\system32;C:\WINDOWS;C:\WINDOWS\System32\Wbem;C:\WINDOWS\System32\WindowsPowerShell\v1.0\;C:\WINDOWS\System32\OpenSSH\;C:\Program Files\Java\jdk1.8.0_291\bin;C:\dev_soft\apache-tomcat-8.5.66\bin;D:\DEVOPS Softwares\Maven\apache-maven-3.8.1-bin\apache-maven-3.8.1\bin;C:\Program Files\Amazon\AWSCLIV2\;C:\Users\SIVA\AppData\Local\Programs\Python\Python39\Scripts\;C:\Users\SIVA\AppData\Local\Programs\Python\Python39\;C:\Users\SIVA\Downloads\eksctl_Windows_amd64;C:\Users\SIVA\Downloads\New folder\SDM-15.44.0;C:\SDM;C:\Users\SIVA\AppData\Local\Microsoft\WindowsApps\sdm.exe;D:\NAVEEN\Git\cmd;C:\Users\SIVA\AppData\Local\Programs\Python\Python39\Scripts\;C:\Users\SIVA\AppData\Local\Programs\Python\Python39\;C:\Users\SIVA\AppData\Local\Microsoft\WindowsApps;C:\Users\SIVA\AppData\Local\Microsoft\WindowsApps;C:\Program Files\JetBrains\IntelliJ IDEA 2021.2\bin;;C:\Users\SIVA\AppData\Local\Programs\Microsoft VS Code\bin;C:\terraform;;."/>
    <property name="io.netty.noJdkZlibDecoder" value="false"/>
    <property name="surefire.test.class.path" value="D:\NAVEEN\Devops\maven\zomato\discount\target\test-classes;D:\NAVEEN\Devops\maven\zomato\discount\target\classes;C:\Users\SIVA\.m2\repository\io\vertx\vertx-core\3.3.3\vertx-core-3.3.3.jar;C:\Users\SIVA\.m2\repository\io\netty\netty-common\4.1.5.Final\netty-common-4.1.5.Final.jar;C:\Users\SIVA\.m2\repository\io\netty\netty-buffer\4.1.5.Final\netty-buffer-4.1.5.Final.jar;C:\Users\SIVA\.m2\repository\io\netty\netty-transport\4.1.5.Final\netty-transport-4.1.5.Final.jar;C:\Users\SIVA\.m2\repository\io\netty\netty-handler\4.1.5.Final\netty-handler-4.1.5.Final.jar;C:\Users\SIVA\.m2\repository\io\netty\netty-codec\4.1.5.Final\netty-codec-4.1.5.Final.jar;C:\Users\SIVA\.m2\repository\io\netty\netty-handler-proxy\4.1.5.Final\netty-handler-proxy-4.1.5.Final.jar;C:\Users\SIVA\.m2\repository\io\netty\netty-codec-socks\4.1.5.Final\netty-codec-socks-4.1.5.Final.jar;C:\Users\SIVA\.m2\repository\io\netty\netty-codec-http\4.1.5.Final\netty-codec-http-4.1.5.Final.jar;C:\Users\SIVA\.m2\repository\io\netty\netty-codec-http2\4.1.5.Final\netty-codec-http2-4.1.5.Final.jar;C:\Users\SIVA\.m2\repository\io\netty\netty-resolver\4.1.5.Final\netty-resolver-4.1.5.Final.jar;C:\Users\SIVA\.m2\repository\io\netty\netty-resolver-dns\4.1.5.Final\netty-resolver-dns-4.1.5.Final.jar;C:\Users\SIVA\.m2\repository\io\netty\netty-codec-dns\4.1.5.Final\netty-codec-dns-4.1.5.Final.jar;C:\Users\SIVA\.m2\repository\com\fasterxml\jackson\core\jackson-core\2.7.4\jackson-core-2.7.4.jar;C:\Users\SIVA\.m2\repository\com\fasterxml\jackson\core\jackson-databind\2.7.4\jackson-databind-2.7.4.jar;C:\Users\SIVA\.m2\repository\com\fasterxml\jackson\core\jackson-annotations\2.7.0\jackson-annotations-2.7.0.jar;C:\Users\SIVA\.m2\repository\io\vertx\vertx-lang-groovy\3.3.3\vertx-lang-groovy-3.3.3.jar;C:\Users\SIVA\.m2\repository\org\codehaus\groovy\groovy-all\2.4.7\groovy-all-2.4.7.jar;C:\Users\SIVA\.m2\repository\org\spockframework\spock-core\1.0-groovy-2.4\spock-core-1.0-groovy-2.4.jar;C:\Users\SIVA\.m2\repository\junit\junit\4.12\junit-4.12.jar;C:\Users\SIVA\.m2\repository\org\hamcrest\hamcrest-core\1.3\hamcrest-core-1.3.jar;C:\Users\SIVA\.m2\repository\cglib\cglib-nodep\3.1\cglib-nodep-3.1.jar;C:\Users\SIVA\.m2\repository\org\objenesis\objenesis\2.1\objenesis-2.1.jar;"/>
    <property name="sun.nio.ch.bugLevel" value=""/>
    <property name="java.specification.name" value="Java Platform API Specification"/>
    <property name="java.class.version" value="52.0"/>
    <property name="sun.management.compiler" value="HotSpot 64-Bit Tiered Compilers"/>
    <property name="os.version" value="10.0"/>
    <property name="user.home" value="C:\Users\SIVA"/>
    <property name="user.timezone" value=""/>
    <property name="java.awt.printerjob" value="sun.awt.windows.WPrinterJob"/>
    <property name="java.specification.version" value="1.8"/>
    <property name="file.encoding" value="Cp1252"/>
    <property name="user.name" value="SIVA"/>
    <property name="java.class.path" value="D:\NAVEEN\Devops\maven\zomato\discount\target\test-classes;D:\NAVEEN\Devops\maven\zomato\discount\target\classes;C:\Users\SIVA\.m2\repository\io\vertx\vertx-core\3.3.3\vertx-core-3.3.3.jar;C:\Users\SIVA\.m2\repository\io\netty\netty-common\4.1.5.Final\netty-common-4.1.5.Final.jar;C:\Users\SIVA\.m2\repository\io\netty\netty-buffer\4.1.5.Final\netty-buffer-4.1.5.Final.jar;C:\Users\SIVA\.m2\repository\io\netty\netty-transport\4.1.5.Final\netty-transport-4.1.5.Final.jar;C:\Users\SIVA\.m2\repository\io\netty\netty-handler\4.1.5.Final\netty-handler-4.1.5.Final.jar;C:\Users\SIVA\.m2\repository\io\netty\netty-codec\4.1.5.Final\netty-codec-4.1.5.Final.jar;C:\Users\SIVA\.m2\repository\io\netty\netty-handler-proxy\4.1.5.Final\netty-handler-proxy-4.1.5.Final.jar;C:\Users\SIVA\.m2\repository\io\netty\netty-codec-socks\4.1.5.Final\netty-codec-socks-4.1.5.Final.jar;C:\Users\SIVA\.m2\repository\io\netty\netty-codec-http\4.1.5.Final\netty-codec-http-4.1.5.Final.jar;C:\Users\SIVA\.m2\repository\io\netty\netty-codec-http2\4.1.5.Final\netty-codec-http2-4.1.5.Final.jar;C:\Users\SIVA\.m2\repository\io\netty\netty-resolver\4.1.5.Final\netty-resolver-4.1.5.Final.jar;C:\Users\SIVA\.m2\repository\io\netty\netty-resolver-dns\4.1.5.Final\netty-resolver-dns-4.1.5.Final.jar;C:\Users\SIVA\.m2\repository\io\netty\netty-codec-dns\4.1.5.Final\netty-codec-dns-4.1.5.Final.jar;C:\Users\SIVA\.m2\repository\com\fasterxml\jackson\core\jackson-core\2.7.4\jackson-core-2.7.4.jar;C:\Users\SIVA\.m2\repository\com\fasterxml\jackson\core\jackson-databind\2.7.4\jackson-databind-2.7.4.jar;C:\Users\SIVA\.m2\repository\com\fasterxml\jackson\core\jackson-annotations\2.7.0\jackson-annotations-2.7.0.jar;C:\Users\SIVA\.m2\repository\io\vertx\vertx-lang-groovy\3.3.3\vertx-lang-groovy-3.3.3.jar;C:\Users\SIVA\.m2\repository\org\codehaus\groovy\groovy-all\2.4.7\groovy-all-2.4.7.jar;C:\Users\SIVA\.m2\repository\org\spockframework\spock-core\1.0-groovy-2.4\spock-core-1.0-groovy-2.4.jar;C:\Users\SIVA\.m2\repository\junit\junit\4.12\junit-4.12.jar;C:\Users\SIVA\.m2\repository\org\hamcrest\hamcrest-core\1.3\hamcrest-core-1.3.jar;C:\Users\SIVA\.m2\repository\cglib\cglib-nodep\3.1\cglib-nodep-3.1.jar;C:\Users\SIVA\.m2\repository\org\objenesis\objenesis\2.1\objenesis-2.1.jar;"/>
    <property name="java.vm.specification.version" value="1.8"/>
    <property name="sun.arch.data.model" value="64"/>
    <property name="java.home" value="C:\Program Files\Java\jdk1.8.0_291\jre"/>
    <property name="sun.java.command" value="C:\Users\SIVA\AppData\Local\Temp\surefirebooter8419045446071397098.jar C:\Users\SIVA\AppData\Local\Temp\surefire4585234565201770263tmp C:\Users\SIVA\AppData\Local\Temp\surefire6682745138925948603tmp"/>
    <property name="java.specification.vendor" value="Oracle Corporation"/>
    <property name="user.language" value="en"/>
    <property name="awt.toolkit" value="sun.awt.windows.WToolkit"/>
    <property name="java.vm.info" value="mixed mode"/>
    <property name="java.version" value="1.8.0_291"/>
    <property name="java.ext.dirs" value="C:\Program Files\Java\jdk1.8.0_291\jre\lib\ext;C:\WINDOWS\Sun\Java\lib\ext"/>
    <property name="sun.boot.class.path" value="C:\Program Files\Java\jdk1.8.0_291\jre\lib\resources.jar;C:\Program Files\Java\jdk1.8.0_291\jre\lib\rt.jar;C:\Program Files\Java\jdk1.8.0_291\jre\lib\sunrsasign.jar;C:\Program Files\Java\jdk1.8.0_291\jre\lib\jsse.jar;C:\Program Files\Java\jdk1.8.0_291\jre\lib\jce.jar;C:\Program Files\Java\jdk1.8.0_291\jre\lib\charsets.jar;C:\Program Files\Java\jdk1.8.0_291\jre\lib\jfr.jar;C:\Program Files\Java\jdk1.8.0_291\jre\classes"/>
    <property name="java.vendor" value="Oracle Corporation"/>
    <property name="localRepository" value="C:\Users\SIVA\.m2\repository"/>
    <property name="file.separator" value="\"/>
    <property name="java.vendor.url.bug" value="http://bugreport.sun.com/bugreport/"/>
    <property name="sun.cpu.endian" value="little"/>
    <property name="sun.io.unicode.encoding" value="UnicodeLittle"/>
    <property name="sun.desktop" value="windows"/>
    <property name="sun.cpu.isalist" value="amd64"/>
  </properties>
  <testcase classname="zomato.MainSpec" name="Test deploy web server" time="0.016"/>
</testsuite>